

================================================================
== Vivado HLS Report for 'numadd'
================================================================
* Date:           Tue Feb 13 14:46:44 2018

* Version:        2016.2 (Build 1577090 on Thu Jun 02 16:59:10 MDT 2016)
* Project:        numadd_hls
* Solution:       solution1
* Product family: zynq
* Target device:  xc7z020clg400-1


================================================================
== Performance Estimates
================================================================
+ Timing (ns): 
    * Summary: 
    +--------+-------+----------+------------+
    |  Clock | Target| Estimated| Uncertainty|
    +--------+-------+----------+------------+
    |ap_clk  |  10.00|      4.44|        1.25|
    +--------+-------+----------+------------+

+ Latency (clock cycles): 
    * Summary: 
    +-----+-----+-----+-----+---------+
    |  Latency  |  Interval | Pipeline|
    | min | max | min | max |   Type  |
    +-----+-----+-----+-----+---------+
    |    0|    0|    1|    1|   none  |
    +-----+-----+-----+-----+---------+

    + Detail: 
        * Instance: 
        N/A

        * Loop: 
        N/A



================================================================
== Utilization Estimates
================================================================
* Summary: 
+-----------------+---------+-------+--------+-------+
|       Name      | BRAM_18K| DSP48E|   FF   |  LUT  |
+-----------------+---------+-------+--------+-------+
|DSP              |        -|      -|       -|      -|
|Expression       |        -|      -|       0|     32|
|FIFO             |        -|      -|       -|      -|
|Instance         |        0|      -|     144|    232|
|Memory           |        -|      -|       -|      -|
|Multiplexer      |        -|      -|       -|      -|
|Register         |        -|      -|       -|      -|
+-----------------+---------+-------+--------+-------+
|Total            |        0|      0|     144|    264|
+-----------------+---------+-------+--------+-------+
|Available        |      280|    220|  106400|  53200|
+-----------------+---------+-------+--------+-------+
|Utilization (%)  |        0|      0|   ~0   |   ~0  |
+-----------------+---------+-------+--------+-------+

+ Detail: 
    * Instance: 
    +-----------------------+---------------------+---------+-------+-----+-----+
    |        Instance       |        Module       | BRAM_18K| DSP48E|  FF | LUT |
    +-----------------------+---------------------+---------+-------+-----+-----+
    |numadd_add_io_s_axi_U  |numadd_add_io_s_axi  |        0|      0|  144|  232|
    +-----------------------+---------------------+---------+-------+-----+-----+
    |Total                  |                     |        0|      0|  144|  232|
    +-----------------------+---------------------+---------+-------+-----+-----+

    * DSP48: 
    N/A

    * Memory: 
    N/A

    * FIFO: 
    N/A

    * Expression: 
    +--------------+----------+-------+---+----+------------+------------+
    | Variable Name| Operation| DSP48E| FF| LUT| Bitwidth P0| Bitwidth P1|
    +--------------+----------+-------+---+----+------------+------------+
    |y             |     +    |      0|  0|  32|          32|          32|
    +--------------+----------+-------+---+----+------------+------------+
    |Total         |          |      0|  0|  32|          32|          32|
    +--------------+----------+-------+---+----+------------+------------+

    * Multiplexer: 
    N/A

    * Register: 
    N/A



================================================================
== Interface
================================================================
* Summary: 
+----------------------+-----+-----+------------+--------------+--------------+
|       RTL Ports      | Dir | Bits|  Protocol  | Source Object|    C Type    |
+----------------------+-----+-----+------------+--------------+--------------+
|s_axi_add_io_AWVALID  |  in |    1|    s_axi   |    add_io    |    pointer   |
|s_axi_add_io_AWREADY  | out |    1|    s_axi   |    add_io    |    pointer   |
|s_axi_add_io_AWADDR   |  in |    6|    s_axi   |    add_io    |    pointer   |
|s_axi_add_io_WVALID   |  in |    1|    s_axi   |    add_io    |    pointer   |
|s_axi_add_io_WREADY   | out |    1|    s_axi   |    add_io    |    pointer   |
|s_axi_add_io_WDATA    |  in |   32|    s_axi   |    add_io    |    pointer   |
|s_axi_add_io_WSTRB    |  in |    4|    s_axi   |    add_io    |    pointer   |
|s_axi_add_io_ARVALID  |  in |    1|    s_axi   |    add_io    |    pointer   |
|s_axi_add_io_ARREADY  | out |    1|    s_axi   |    add_io    |    pointer   |
|s_axi_add_io_ARADDR   |  in |    6|    s_axi   |    add_io    |    pointer   |
|s_axi_add_io_RVALID   | out |    1|    s_axi   |    add_io    |    pointer   |
|s_axi_add_io_RREADY   |  in |    1|    s_axi   |    add_io    |    pointer   |
|s_axi_add_io_RDATA    | out |   32|    s_axi   |    add_io    |    pointer   |
|s_axi_add_io_RRESP    | out |    2|    s_axi   |    add_io    |    pointer   |
|s_axi_add_io_BVALID   | out |    1|    s_axi   |    add_io    |    pointer   |
|s_axi_add_io_BREADY   |  in |    1|    s_axi   |    add_io    |    pointer   |
|s_axi_add_io_BRESP    | out |    2|    s_axi   |    add_io    |    pointer   |
|ap_start              |  in |    1| ap_ctrl_hs |    numadd    | return value |
|ap_done               | out |    1| ap_ctrl_hs |    numadd    | return value |
|ap_idle               | out |    1| ap_ctrl_hs |    numadd    | return value |
|ap_ready              | out |    1| ap_ctrl_hs |    numadd    | return value |
|ap_clk                |  in |    1| ap_ctrl_hs |    numadd    | return value |
|ap_rst_n              |  in |    1| ap_ctrl_hs |    numadd    | return value |
+----------------------+-----+-----+------------+--------------+--------------+

